2026.03.30 20:29:30 INFO  Started: Metals version 1.6.6 in folders '/home/adam/Studia/Semestr8/Ebiznes/Zadanie_2' for client Antigravity 1.107.0.
2026.03.30 20:29:30 INFO  Memory monitor started
2026.03.30 20:29:30 WARN  Using H2 2.4.240 which is newer than the version Flyway has been verified with. The latest verified version of H2 is 2.3.232.
2026.03.30 20:29:33 INFO  no build target found for /home/adam/Studia/Semestr8/Ebiznes/Zadanie_2/sklep/app/controllers/ProductController.scala. Using presentation compiler with project's scala-library version: 3.3.7
2026.03.30 20:29:33 INFO  no build target found for /home/adam/Studia/Semestr8/Ebiznes/Zadanie_2/sklep/app/controllers/ProductController.scala. Using presentation compiler with project's scala-library version: 3.3.7
2026.03.30 20:29:34 INFO  no build target found for /home/adam/Studia/Semestr8/Ebiznes/Zadanie_2/sklep/app/controllers/ProductController.scala. Using presentation compiler with project's scala-library version: 3.3.7
2026.03.30 20:29:33 INFO  no build target found for /home/adam/Studia/Semestr8/Ebiznes/Zadanie_2/sklep/app/controllers/ProductController.scala. Using presentation compiler with project's scala-library version: 3.3.7
2026.03.30 20:36:50 INFO  no build target found for /home/adam/Studia/Semestr8/Ebiznes/Zadanie_2/sklep/app/controllers/HomeController.scala. Using presentation compiler with project's scala-library version: 3.3.7
2026.03.30 20:36:50 INFO  no build target found for /home/adam/Studia/Semestr8/Ebiznes/Zadanie_2/sklep/app/controllers/HomeController.scala. Using presentation compiler with project's scala-library version: 3.3.7
2026.03.30 20:36:53 INFO  no build target found for /home/adam/Studia/Semestr8/Ebiznes/Zadanie_2/sklep/app/controllers/HomeController.scala. Using presentation compiler with project's scala-library version: 3.3.7
2026.03.30 20:36:53 INFO  no build target found for /home/adam/Studia/Semestr8/Ebiznes/Zadanie_2/sklep/app/controllers/CategoryController.scala. Using presentation compiler with project's scala-library version: 3.3.7
2026.03.30 20:36:53 INFO  no build target found for /home/adam/Studia/Semestr8/Ebiznes/Zadanie_2/sklep/app/controllers/CategoryController.scala. Using presentation compiler with project's scala-library version: 3.3.7
2026.03.30 20:36:59 INFO  no build target found for /home/adam/Studia/Semestr8/Ebiznes/Zadanie_2/sklep/app/controllers/CategoryController.scala. Using presentation compiler with project's scala-library version: 3.3.7
2026.03.30 20:36:59 INFO  no build target found for /home/adam/Studia/Semestr8/Ebiznes/Zadanie_2/sklep/app/controllers/CategoryController.scala. Using presentation compiler with project's scala-library version: 3.3.7
2026.03.30 20:37:00 INFO  no build target found for /home/adam/Studia/Semestr8/Ebiznes/Zadanie_2/sklep/app/controllers/CategoryController.scala. Using presentation compiler with project's scala-library version: 3.3.7
2026.03.30 20:37:01 INFO  no build target found for /home/adam/Studia/Semestr8/Ebiznes/Zadanie_2/sklep/app/controllers/CategoryController.scala. Using presentation compiler with project's scala-library version: 3.3.7
2026.03.30 20:39:15 INFO  no build target found for /home/adam/Studia/Semestr8/Ebiznes/Zadanie_2/sklep/app/controllers/CategoryController.scala. Using presentation compiler with project's scala-library version: 3.3.7
2026.03.30 20:39:19 INFO  no build target found for /home/adam/Studia/Semestr8/Ebiznes/Zadanie_2/sklep/app/controllers/CategoryController.scala. Using presentation compiler with project's scala-library version: 3.3.7
2026.03.30 20:39:20 INFO  no build target found for /home/adam/Studia/Semestr8/Ebiznes/Zadanie_2/sklep/app/controllers/CategoryController.scala. Using presentation compiler with project's scala-library version: 3.3.7
2026.03.30 20:39:21 INFO  no build target found for /home/adam/Studia/Semestr8/Ebiznes/Zadanie_2/sklep/app/controllers/CategoryController.scala. Using presentation compiler with project's scala-library version: 3.3.7
2026.03.30 20:39:23 INFO  no build target found for /home/adam/Studia/Semestr8/Ebiznes/Zadanie_2/sklep/app/controllers/CategoryController.scala. Using presentation compiler with project's scala-library version: 3.3.7
2026.03.30 20:39:34 INFO  no build target found for /home/adam/Studia/Semestr8/Ebiznes/Zadanie_2/sklep/app/controllers/CategoryController.scala. Using presentation compiler with project's scala-library version: 3.3.7
2026.03.30 20:39:36 INFO  no build target found for /home/adam/Studia/Semestr8/Ebiznes/Zadanie_2/sklep/app/controllers/CategoryController.scala. Using presentation compiler with project's scala-library version: 3.3.7
2026.03.30 20:39:36 INFO  no build target found for /home/adam/Studia/Semestr8/Ebiznes/Zadanie_2/sklep/app/controllers/CategoryController.scala. Using presentation compiler with project's scala-library version: 3.3.7
2026.03.30 20:39:37 INFO  no build target found for /home/adam/Studia/Semestr8/Ebiznes/Zadanie_2/sklep/app/controllers/CategoryController.scala. Using presentation compiler with project's scala-library version: 3.3.7
2026.03.30 20:39:40 INFO  no build target found for /home/adam/Studia/Semestr8/Ebiznes/Zadanie_2/sklep/app/controllers/CategoryController.scala. Using presentation compiler with project's scala-library version: 3.3.7
2026.03.30 20:39:42 INFO  no build target found for /home/adam/Studia/Semestr8/Ebiznes/Zadanie_2/sklep/app/controllers/CategoryController.scala. Using presentation compiler with project's scala-library version: 3.3.7
2026.03.30 20:39:43 INFO  no build target found for /home/adam/Studia/Semestr8/Ebiznes/Zadanie_2/sklep/app/controllers/CategoryController.scala. Using presentation compiler with project's scala-library version: 3.3.7
2026.03.30 20:39:43 INFO  no build target found for /home/adam/Studia/Semestr8/Ebiznes/Zadanie_2/sklep/app/controllers/CategoryController.scala. Using presentation compiler with project's scala-library version: 3.3.7
2026.03.30 20:39:43 INFO  no build target found for /home/adam/Studia/Semestr8/Ebiznes/Zadanie_2/sklep/app/controllers/CategoryController.scala. Using presentation compiler with project's scala-library version: 3.3.7
2026.03.30 20:39:45 INFO  no build target found for /home/adam/Studia/Semestr8/Ebiznes/Zadanie_2/sklep/app/controllers/CategoryController.scala. Using presentation compiler with project's scala-library version: 3.3.7
2026.03.30 20:39:46 INFO  no build target found for /home/adam/Studia/Semestr8/Ebiznes/Zadanie_2/sklep/app/controllers/CategoryController.scala. Using presentation compiler with project's scala-library version: 3.3.7
2026.03.30 20:39:50 INFO  no build target found for /home/adam/Studia/Semestr8/Ebiznes/Zadanie_2/sklep/app/controllers/CategoryController.scala. Using presentation compiler with project's scala-library version: 3.3.7
2026.03.30 20:39:54 INFO  no build target found for /home/adam/Studia/Semestr8/Ebiznes/Zadanie_2/sklep/app/controllers/CategoryController.scala. Using presentation compiler with project's scala-library version: 3.3.7
2026.03.30 20:39:54 INFO  no build target found for /home/adam/Studia/Semestr8/Ebiznes/Zadanie_2/sklep/app/controllers/CategoryController.scala. Using presentation compiler with project's scala-library version: 3.3.7
2026.03.30 20:39:57 INFO  no build target found for /home/adam/Studia/Semestr8/Ebiznes/Zadanie_2/sklep/app/controllers/CategoryController.scala. Using presentation compiler with project's scala-library version: 3.3.7
2026.03.30 20:40:02 INFO  no build target found for /home/adam/Studia/Semestr8/Ebiznes/Zadanie_2/sklep/app/controllers/CategoryController.scala. Using presentation compiler with project's scala-library version: 3.3.7
2026.03.30 20:40:02 INFO  no build target found for /home/adam/Studia/Semestr8/Ebiznes/Zadanie_2/sklep/app/controllers/CategoryController.scala. Using presentation compiler with project's scala-library version: 3.3.7
2026.03.30 20:40:06 INFO  no build target found for /home/adam/Studia/Semestr8/Ebiznes/Zadanie_2/sklep/app/controllers/CategoryController.scala. Using presentation compiler with project's scala-library version: 3.3.7
2026.03.30 20:40:06 INFO  no build target found for /home/adam/Studia/Semestr8/Ebiznes/Zadanie_2/sklep/app/controllers/CategoryController.scala. Using presentation compiler with project's scala-library version: 3.3.7
2026.03.30 20:43:13 INFO  no build target found for /home/adam/Studia/Semestr8/Ebiznes/Zadanie_2/sklep/app/controllers/CategoryController.scala. Using presentation compiler with project's scala-library version: 3.3.7
2026.03.30 20:44:46 WARN  no build target for: /home/adam/Studia/Semestr8/Ebiznes/Zadanie_2/sklep/app/controllers/CategoryController.scala
2026.03.30 20:44:46 INFO  no build target found for /home/adam/Studia/Semestr8/Ebiznes/Zadanie_2/sklep/app/controllers/CategoryController.scala. Using presentation compiler with project's scala-library version: 3.3.7
2026.03.30 20:44:46 INFO  no build target found for /home/adam/Studia/Semestr8/Ebiznes/Zadanie_2/sklep/app/controllers/CategoryController.scala. Using presentation compiler with project's scala-library version: 3.3.7
2026.03.30 20:44:46 INFO  no build target found for /home/adam/Studia/Semestr8/Ebiznes/Zadanie_2/sklep/app/controllers/CategoryController.scala. Using presentation compiler with project's scala-library version: 3.3.7
2026.03.30 20:44:49 INFO  no build target found for /home/adam/Studia/Semestr8/Ebiznes/Zadanie_2/sklep/app/controllers/CategoryController.scala. Using presentation compiler with project's scala-library version: 3.3.7
2026.03.30 20:44:51 INFO  no build target found for /home/adam/Studia/Semestr8/Ebiznes/Zadanie_2/sklep/app/controllers/CategoryController.scala. Using presentation compiler with project's scala-library version: 3.3.7
2026.03.30 20:44:51 INFO  no build target found for /home/adam/Studia/Semestr8/Ebiznes/Zadanie_2/sklep/app/controllers/CategoryController.scala. Using presentation compiler with project's scala-library version: 3.3.7
2026.03.30 20:44:52 INFO  no build target found for /home/adam/Studia/Semestr8/Ebiznes/Zadanie_2/sklep/app/controllers/CategoryController.scala. Using presentation compiler with project's scala-library version: 3.3.7
2026.03.30 20:44:52 INFO  no build target found for /home/adam/Studia/Semestr8/Ebiznes/Zadanie_2/sklep/app/controllers/CategoryController.scala. Using presentation compiler with project's scala-library version: 3.3.7
2026.03.30 20:44:54 INFO  no build target found for /home/adam/Studia/Semestr8/Ebiznes/Zadanie_2/sklep/app/controllers/CategoryController.scala. Using presentation compiler with project's scala-library version: 3.3.7
2026.03.30 20:44:54 INFO  no build target found for /home/adam/Studia/Semestr8/Ebiznes/Zadanie_2/sklep/app/controllers/CategoryController.scala. Using presentation compiler with project's scala-library version: 3.3.7
2026.03.30 20:44:58 INFO  no build target found for /home/adam/Studia/Semestr8/Ebiznes/Zadanie_2/sklep/app/controllers/CategoryController.scala. Using presentation compiler with project's scala-library version: 3.3.7
2026.03.30 20:46:14 INFO  no build target found for /home/adam/Studia/Semestr8/Ebiznes/Zadanie_2/sklep/app/controllers/CategoryController.scala. Using presentation compiler with project's scala-library version: 3.3.7
2026.03.30 20:46:15 WARN  no build target for: /home/adam/Studia/Semestr8/Ebiznes/Zadanie_2/sklep/app/controllers/ProductController.scala
2026.03.30 20:46:14 INFO  no build target found for /home/adam/Studia/Semestr8/Ebiznes/Zadanie_2/sklep/app/controllers/ProductController.scala. Using presentation compiler with project's scala-library version: 3.3.7
2026.03.30 20:46:15 INFO  no build target found for /home/adam/Studia/Semestr8/Ebiznes/Zadanie_2/sklep/app/controllers/ProductController.scala. Using presentation compiler with project's scala-library version: 3.3.7
2026.03.30 20:46:14 INFO  no build target found for /home/adam/Studia/Semestr8/Ebiznes/Zadanie_2/sklep/app/controllers/ProductController.scala. Using presentation compiler with project's scala-library version: 3.3.7
2026.03.30 20:46:22 WARN  no build target for: /home/adam/Studia/Semestr8/Ebiznes/Zadanie_2/sklep/app/controllers/ProductController.scala
2026.03.30 20:46:22 INFO  no build target found for /home/adam/Studia/Semestr8/Ebiznes/Zadanie_2/sklep/app/controllers/ProductController.scala. Using presentation compiler with project's scala-library version: 3.3.7
2026.03.30 20:46:22 INFO  no build target found for /home/adam/Studia/Semestr8/Ebiznes/Zadanie_2/sklep/app/controllers/ProductController.scala. Using presentation compiler with project's scala-library version: 3.3.7
2026.03.30 20:46:22 INFO  no build target found for /home/adam/Studia/Semestr8/Ebiznes/Zadanie_2/sklep/app/controllers/ProductController.scala. Using presentation compiler with project's scala-library version: 3.3.7
2026.03.30 20:46:24 INFO  no build target found for /home/adam/Studia/Semestr8/Ebiznes/Zadanie_2/sklep/app/controllers/ProductController.scala. Using presentation compiler with project's scala-library version: 3.3.7
2026.03.30 20:46:24 INFO  no build target found for /home/adam/Studia/Semestr8/Ebiznes/Zadanie_2/sklep/app/controllers/ProductController.scala. Using presentation compiler with project's scala-library version: 3.3.7
2026.03.30 20:46:25 INFO  no build target found for /home/adam/Studia/Semestr8/Ebiznes/Zadanie_2/sklep/app/controllers/ProductController.scala. Using presentation compiler with project's scala-library version: 3.3.7
2026.03.30 20:46:25 INFO  no build target found for /home/adam/Studia/Semestr8/Ebiznes/Zadanie_2/sklep/app/controllers/ProductController.scala. Using presentation compiler with project's scala-library version: 3.3.7
2026.03.30 21:02:16 WARN  no build target for: /home/adam/Studia/Semestr8/Ebiznes/Zadanie_2/sklep/app/controllers/CategoryController.scala
2026.03.30 21:02:16 INFO  no build target found for /home/adam/Studia/Semestr8/Ebiznes/Zadanie_2/sklep/app/controllers/CategoryController.scala. Using presentation compiler with project's scala-library version: 3.3.7
2026.03.30 21:02:16 INFO  no build target found for /home/adam/Studia/Semestr8/Ebiznes/Zadanie_2/sklep/app/controllers/CategoryController.scala. Using presentation compiler with project's scala-library version: 3.3.7
2026.03.30 21:02:16 INFO  no build target found for /home/adam/Studia/Semestr8/Ebiznes/Zadanie_2/sklep/app/controllers/CategoryController.scala. Using presentation compiler with project's scala-library version: 3.3.7
2026.03.30 21:02:36 WARN  no build target for: /home/adam/Studia/Semestr8/Ebiznes/Zadanie_2/sklep/app/controllers/ProductController.scala
2026.03.30 21:02:36 INFO  no build target found for /home/adam/Studia/Semestr8/Ebiznes/Zadanie_2/sklep/app/controllers/ProductController.scala. Using presentation compiler with project's scala-library version: 3.3.7
2026.03.30 21:02:36 INFO  no build target found for /home/adam/Studia/Semestr8/Ebiznes/Zadanie_2/sklep/app/controllers/ProductController.scala. Using presentation compiler with project's scala-library version: 3.3.7
2026.03.30 21:02:36 INFO  no build target found for /home/adam/Studia/Semestr8/Ebiznes/Zadanie_2/sklep/app/controllers/ProductController.scala. Using presentation compiler with project's scala-library version: 3.3.7
2026.03.30 21:02:47 INFO  no build target found for /home/adam/Studia/Semestr8/Ebiznes/Zadanie_2/sklep/app/controllers/ProductController.scala. Using presentation compiler with project's scala-library version: 3.3.7
2026.03.30 21:02:47 INFO  no build target found for /home/adam/Studia/Semestr8/Ebiznes/Zadanie_2/sklep/app/controllers/ProductController.scala. Using presentation compiler with project's scala-library version: 3.3.7
2026.03.30 21:02:47 INFO  no build target found for /home/adam/Studia/Semestr8/Ebiznes/Zadanie_2/sklep/app/controllers/ProductController.scala. Using presentation compiler with project's scala-library version: 3.3.7
2026.03.30 21:02:48 INFO  no build target found for /home/adam/Studia/Semestr8/Ebiznes/Zadanie_2/sklep/app/controllers/ProductController.scala. Using presentation compiler with project's scala-library version: 3.3.7
2026.03.30 21:13:20 INFO  no build target found for /home/adam/Studia/Semestr8/Ebiznes/Zadanie_2/sklep/app/controllers/ProductController.scala. Using presentation compiler with project's scala-library version: 3.3.7
2026.03.30 21:15:32 INFO  no build target found for /home/adam/Studia/Semestr8/Ebiznes/Zadanie_2/sklep/app/controllers/ProductController.scala. Using presentation compiler with project's scala-library version: 3.3.7
2026.03.30 21:15:36 INFO  Shutting down server
2026.03.30 21:15:36 INFO  Memory monitor stopped
2026.03.30 21:15:36 INFO  shutting down Metals
2026.03.30 21:15:36 ERROR Unexpected error initializing server: 
org.eclipse.lsp4j.jsonrpc.ResponseErrorException: Request window/showMessageRequest failed with message: Canceled
	at org.eclipse.lsp4j.jsonrpc.RemoteEndpoint.handleResponse(RemoteEndpoint.java:214)
	at org.eclipse.lsp4j.jsonrpc.RemoteEndpoint.consume(RemoteEndpoint.java:198)
	at org.eclipse.lsp4j.jsonrpc.json.StreamMessageProducer.handleMessage(StreamMessageProducer.java:189)
	at org.eclipse.lsp4j.jsonrpc.json.StreamMessageProducer.listen(StreamMessageProducer.java:97)
	at org.eclipse.lsp4j.jsonrpc.json.ConcurrentMessageProcessor.run(ConcurrentMessageProcessor.java:97)
	at java.util.concurrent.Executors$RunnableAdapter.call(Executors.java:539)
	at java.util.concurrent.FutureTask.run(FutureTask.java:264)
	at java.util.concurrent.ThreadPoolExecutor.runWorker(ThreadPoolExecutor.java:1136)
	at java.util.concurrent.ThreadPoolExecutor$Worker.run(ThreadPoolExecutor.java:635)
	at java.lang.Thread.run(Thread.java:840)

2026.03.30 21:15:36 INFO  Exiting server
